{"D:\\WWW\\export-type\\src\\getType.ts": {"path":"D:\\WWW\\export-type\\src\\getType.ts","statementMap":{"0":{"start":{"line":1,"column":0},"end":{"line":1,"column":25}},"1":{"start":{"line":9,"column":45},"end":{"line":9,"column":null}},"2":{"start":{"line":10,"column":15},"end":{"line":10,"column":38}},"3":{"start":{"line":11,"column":30},"end":{"line":11,"column":52}},"4":{"start":{"line":19,"column":50},"end":{"line":19,"column":null}},"5":{"start":{"line":20,"column":19},"end":{"line":20,"column":38}},"6":{"start":{"line":21,"column":4},"end":{"line":47,"column":null}},"7":{"start":{"line":22,"column":6},"end":{"line":26,"column":null}},"8":{"start":{"line":23,"column":8},"end":{"line":23,"column":37}},"9":{"start":{"line":25,"column":8},"end":{"line":25,"column":50}},"10":{"start":{"line":27,"column":6},"end":{"line":29,"column":null}},"11":{"start":{"line":28,"column":8},"end":{"line":28,"column":40}},"12":{"start":{"line":30,"column":6},"end":{"line":30,"column":36}},"13":{"start":{"line":31,"column":11},"end":{"line":47,"column":null}},"14":{"start":{"line":33,"column":6},"end":{"line":33,"column":38}},"15":{"start":{"line":34,"column":19},"end":{"line":34,"column":34}},"16":{"start":{"line":35,"column":6},"end":{"line":37,"column":null}},"17":{"start":{"line":36,"column":8},"end":{"line":36,"column":49}},"18":{"start":{"line":42,"column":6},"end":{"line":46,"column":null}},"19":{"start":{"line":43,"column":8},"end":{"line":43,"column":50}},"20":{"start":{"line":45,"column":8},"end":{"line":45,"column":64}},"21":{"start":{"line":49,"column":2},"end":{"line":49,"column":13}},"22":{"start":{"line":50,"column":2},"end":{"line":50,"column":34}},"23":{"start":{"line":9,"column":0},"end":{"line":9,"column":25}},"24":{"start":{"line":55,"column":2},"end":{"line":55,"column":68}},"25":{"start":{"line":59,"column":2},"end":{"line":59,"column":67}}},"fnMap":{"0":{"name":"default_1","decl":{"start":{"line":9,"column":0},"end":{"line":9,"column":25}},"loc":{"start":{"line":9,"column":59},"end":{"line":51,"column":1}}},"1":{"name":"walk","decl":{"start":{"line":19,"column":11},"end":{"line":19,"column":15}},"loc":{"start":{"line":19,"column":59},"end":{"line":48,"column":3}}},"2":{"name":"isObject","decl":{"start":{"line":54,"column":9},"end":{"line":54,"column":17}},"loc":{"start":{"line":54,"column":31},"end":{"line":56,"column":1}}},"3":{"name":"isArray","decl":{"start":{"line":58,"column":9},"end":{"line":58,"column":16}},"loc":{"start":{"line":58,"column":30},"end":{"line":60,"column":1}}}},"branchMap":{"0":{"loc":{"start":{"line":9,"column":45},"end":{"line":9,"column":null}},"type":"if","locations":[{"start":{"line":9,"column":45},"end":{"line":9,"column":null}}]},"1":{"loc":{"start":{"line":19,"column":50},"end":{"line":19,"column":null}},"type":"if","locations":[{"start":{"line":19,"column":50},"end":{"line":19,"column":null}}]},"2":{"loc":{"start":{"line":21,"column":4},"end":{"line":47,"column":null}},"type":"if","locations":[{"start":{"line":21,"column":4},"end":{"line":47,"column":null}},{"start":{"line":31,"column":11},"end":{"line":47,"column":null}}]},"3":{"loc":{"start":{"line":22,"column":6},"end":{"line":26,"column":null}},"type":"if","locations":[{"start":{"line":22,"column":6},"end":{"line":26,"column":null}},{"start":{"line":24,"column":13},"end":{"line":26,"column":null}}]},"4":{"loc":{"start":{"line":31,"column":11},"end":{"line":47,"column":null}},"type":"if","locations":[{"start":{"line":31,"column":11},"end":{"line":47,"column":null}},{"start":{"line":41,"column":11},"end":{"line":47,"column":null}}]},"5":{"loc":{"start":{"line":35,"column":6},"end":{"line":37,"column":null}},"type":"if","locations":[{"start":{"line":35,"column":6},"end":{"line":37,"column":null}}]},"6":{"loc":{"start":{"line":42,"column":6},"end":{"line":46,"column":null}},"type":"if","locations":[{"start":{"line":42,"column":6},"end":{"line":46,"column":null}},{"start":{"line":44,"column":13},"end":{"line":46,"column":null}}]}},"s":{"0":0,"1":0,"2":0,"3":0,"4":0,"5":0,"6":0,"7":0,"8":0,"9":0,"10":0,"11":0,"12":0,"13":0,"14":0,"15":0,"16":0,"17":0,"18":0,"19":0,"20":0,"21":0,"22":0,"23":0,"24":0,"25":0},"f":{"0":0,"1":0,"2":0,"3":0},"b":{"0":[0],"1":[0],"2":[0,0],"3":[0,0],"4":[0,0],"5":[0],"6":[0,0]}}
,"D:\\WWW\\export-type\\src\\main.ts": {"path":"D:\\WWW\\export-type\\src\\main.ts","statementMap":{"0":{"start":{"line":3,"column":0},"end":{"line":3,"column":29}},"1":{"start":{"line":4,"column":0},"end":{"line":4,"column":32}},"2":{"start":{"line":7,"column":0},"end":{"line":7,"column":16}},"3":{"start":{"line":8,"column":1},"end":{"line":17,"column":5}},"4":{"start":{"line":8,"column":83},"end":{"line":17,"column":3}},"5":{"start":{"line":9,"column":17},"end":{"line":9,"column":null}},"6":{"start":{"line":9,"column":8},"end":{"line":9,"column":null}},"7":{"start":{"line":10,"column":5},"end":{"line":10,"column":10}},"8":{"start":{"line":11,"column":9},"end":{"line":11,"column":null}},"9":{"start":{"line":12,"column":3},"end":{"line":12,"column":48}},"10":{"start":{"line":13,"column":3},"end":{"line":13,"column":null}},"11":{"start":{"line":20,"column":0},"end":{"line":20,"column":16}}},"fnMap":{"0":{"name":"activate","decl":{"start":{"line":7,"column":16},"end":{"line":7,"column":24}},"loc":{"start":{"line":7,"column":57},"end":{"line":18,"column":1}}},"1":{"name":"(anonymous_1)","decl":{"start":{"line":8,"column":83},"end":{"line":8,"column":null}},"loc":{"start":{"line":8,"column":83},"end":{"line":17,"column":3}}},"2":{"name":"deactivate","decl":{"start":{"line":20,"column":16},"end":{"line":20,"column":26}},"loc":{"start":{"line":20,"column":26},"end":{"line":20,"column":32}}}},"branchMap":{"0":{"loc":{"start":{"line":9,"column":17},"end":{"line":9,"column":null}},"type":"switch","locations":[{"start":{"line":9,"column":17},"end":{"line":9,"column":null}}]},"1":{"loc":{"start":{"line":10,"column":5},"end":{"line":10,"column":10}},"type":"if","locations":[{"start":{"line":10,"column":5},"end":{"line":10,"column":10}}]}},"s":{"0":0,"1":0,"2":0,"3":0,"4":0,"5":0,"6":0,"7":0,"8":0,"9":0,"10":0,"11":0},"f":{"0":0,"1":0,"2":0},"b":{"0":[0],"1":[0]}}
}
