TN:
SF:src\getType.ts
FN:9,default_1
FN:19,walk
FN:54,isObject
FN:58,isArray
FNF:4
FNH:0
FNDA:0,default_1
FNDA:0,walk
FNDA:0,isObject
FNDA:0,isArray
DA:1,0
DA:9,0
DA:10,0
DA:11,0
DA:19,0
DA:20,0
DA:21,0
DA:22,0
DA:23,0
DA:25,0
DA:27,0
DA:28,0
DA:30,0
DA:31,0
DA:33,0
DA:34,0
DA:35,0
DA:36,0
DA:42,0
DA:43,0
DA:45,0
DA:49,0
DA:50,0
DA:55,0
DA:59,0
LF:25
LH:0
BRDA:9,0,0,0
BRDA:19,1,0,0
BRDA:21,2,0,0
BRDA:21,2,1,0
BRDA:22,3,0,0
BRDA:22,3,1,0
BRDA:31,4,0,0
BRDA:31,4,1,0
BRDA:35,5,0,0
BRDA:42,6,0,0
BRDA:42,6,1,0
BRF:11
BRH:0
end_of_record
TN:
SF:src\main.ts
FN:7,activate
FN:8,(anonymous_1)
FN:20,deactivate
FNF:3
FNH:0
FNDA:0,activate
FNDA:0,(anonymous_1)
FNDA:0,deactivate
DA:3,0
DA:4,0
DA:7,0
DA:8,0
DA:9,0
DA:10,0
DA:11,0
DA:12,0
DA:13,0
DA:20,0
LF:10
LH:0
BRDA:9,0,0,0
BRDA:10,1,0,0
BRF:2
BRH:0
end_of_record
